d:\projekty\fisf\michał smolarczyk\newton\debug\newton.pch
d:\projekty\fisf\michał smolarczyk\newton\debug\vc120.pdb
d:\projekty\fisf\michał smolarczyk\newton\debug\vc120.idb
d:\projekty\fisf\michał smolarczyk\newton\debug\stdafx.obj
d:\projekty\fisf\michał smolarczyk\newton\debug\newton.obj
d:\projekty\fisf\michał smolarczyk\newton\debug\targa.obj
c:\users\szcze\desktop\basia\projekt\newton\debug\newton.pch
c:\users\szcze\desktop\basia\projekt\newton\debug\vc120.pdb
c:\users\szcze\desktop\basia\projekt\newton\debug\vc120.idb
c:\users\szcze\desktop\basia\projekt\newton\debug\stdafx.obj
c:\users\szcze\desktop\basia\projekt\newton\debug\targa.obj
d:\projekty\fisf\michał smolarczyk\newton\debug\newton.ilk
d:\projekty\fisf\michał smolarczyk\newton\debug\newton.exe
d:\projekty\fisf\michał smolarczyk\newton\debug\newton.pdb
c:\users\szcze\desktop\basia\projekt\newton\debug\particles.obj
c:\users\szcze\desktop\basia\projekt\newton\debug\pool.obj
c:\users\szcze\desktop\basia\projekt\newton\debug\textureloader.obj
c:\users\szcze\desktop\basia\projekt\newton\debug\newton.ilk
c:\users\szcze\desktop\basia\projekt\newton\debug\particles.ilk
c:\users\szcze\desktop\basia\projekt\newton\debug\pool.ilk
c:\users\szcze\desktop\basia\projekt\newton\debug\particles.pch
c:\users\szcze\desktop\basia\projekt\newton\debug\pool.pch
c:\users\szcze\desktop\basia\projekt\newton\debug\newton.pdb
c:\users\szcze\desktop\basia\projekt\newton\debug\particles.pdb
c:\users\szcze\desktop\basia\projekt\newton\debug\pool.pdb
c:\users\szcze\desktop\basia\projekt\newton\debug\newton.exe
c:\users\szcze\desktop\basia\projekt\newton\debug\newton.tlog\cl.command.1.tlog
c:\users\szcze\desktop\basia\projekt\newton\debug\newton.tlog\cl.read.1.tlog
c:\users\szcze\desktop\basia\projekt\newton\debug\newton.tlog\cl.write.1.tlog
c:\users\szcze\desktop\basia\projekt\newton\debug\newton.tlog\link.command.1.tlog
c:\users\szcze\desktop\basia\projekt\newton\debug\newton.tlog\link.read.1.tlog
c:\users\szcze\desktop\basia\projekt\newton\debug\newton.tlog\link.write.1.tlog
